Arguments: 
  C:\Program Files\nodejs\node.exe C:\Users\Yasin\.yarn\releases\yarn-1.22.19.cjs add express cors dotenv mongodb easlint

PATH: 
  C:\Program Files\Python311\Scripts\;C:\Program Files\Python311\;C:\WINDOWS\system32;C:\WINDOWS;C:\WINDOWS\System32\Wbem;C:\WINDOWS\System32\WindowsPowerShell\v1.0\;C:\WINDOWS\System32\OpenSSH\;C:\Program Files\nodejs\;C:\Program Files\Git\cmd;C:\Program Files\dotnet\;C:\Users\Yasin\.console-ninja\.bin;C:\Users\Yasin\AppData\Local\Microsoft\WindowsApps;C:\Users\Yasin\AppData\Roaming\npm;C:\Users\Yasin\AppData\Local\Programs\Microsoft VS Code\bin;

Yarn version: 
  1.22.19

Node version: 
  18.16.0

Platform: 
  win32 x64

Trace: 
  Error: https://registry.yarnpkg.com/easlint: Not found
      at params.callback [as _callback] (C:\Users\Yasin\.yarn\releases\yarn-1.22.19.cjs:77675:18)
      at self.callback (C:\Users\Yasin\.yarn\releases\yarn-1.22.19.cjs:135297:22)
      at Request.emit (node:events:513:28)
      at Request.<anonymous> (C:\Users\Yasin\.yarn\releases\yarn-1.22.19.cjs:136269:10)
      at Request.emit (node:events:513:28)
      at IncomingMessage.<anonymous> (C:\Users\Yasin\.yarn\releases\yarn-1.22.19.cjs:136191:12)
      at Object.onceWrapper (node:events:627:28)
      at IncomingMessage.emit (node:events:525:35)
      at endReadableNT (node:internal/streams/readable:1359:12)
      at process.processTicksAndRejections (node:internal/process/task_queues:82:21)

npm manifest: 
  {
    "name": "car-Expert",
    "version": "1.0.0",
    "main": "index.js",
    "license": "MIT"
  }

yarn manifest: 
  No manifest

Lockfile: 
  No lockfile
